#
# There is insufficient memory for the Java Runtime Environment to continue.
# Native memory allocation (mmap) failed to map 264241152 bytes for G1 virtual space
# Possible reasons:
#   The system is out of physical RAM or swap space
#   The process is running with CompressedOops enabled, and the Java Heap may be blocking the growth of the native heap
# Possible solutions:
#   Reduce memory load on the system
#   Increase physical memory or swap space
#   Check if swap backing store is full
#   Decrease Java heap size (-Xmx/-Xms)
#   Decrease number of Java threads
#   Decrease Java thread stack sizes (-Xss)
#   Set larger code cache with -XX:ReservedCodeCacheSize=
#   JVM is running with Zero Based Compressed Oops mode in which the Java heap is
#     placed in the first 32GB address space. The Java Heap base address is the
#     maximum limit for the native heap growth. Please use -XX:HeapBaseMinAddress
#     to set the Java Heap base and to place the Java Heap above 32GB virtual address.
# This output file may be truncated or incomplete.
#
#  Out of Memory Error (os_windows.cpp:3548), pid=28200, tid=19332
#
# JRE version:  (17.0.5+8) (build )
# Java VM: OpenJDK 64-Bit Server VM (17.0.5+8, mixed mode, sharing, tiered, compressed oops, compressed class ptrs, g1 gc, windows-amd64)
# No core dump will be written. Minidumps are not enabled by default on client versions of Windows
#

---------------  S U M M A R Y ------------

Command Line: -ea -Dfile.encoding=UTF-8 -XX:+ShowCodeDetailsInExceptionMessages -agentpath:C:\Program Files\Palo Alto Networks\Traps\cyjagent.dll org.testng.remote.RemoteTestNG -serport 63512 -protocol json -d C:\Users\PR20331590\eclipse-workspace\cybs-plugin-woocommerce-test-automation\test-output C:\Users\PR20331590\eclipse-workspace\cybs-plugin-woocommerce-test-automation\resources\testcases\woocommerce.test.xml\CreditCardAuthCapRefund.xml

Host: Intel(R) Core(TM) i5-10310U CPU @ 1.70GHz, 8 cores, 15G,  Windows 11 , 64 bit Build 22000 (10.0.22000.2360)
Time: Tue Sep 26 17:19:06 2023 India Standard Time elapsed time: 0.097921 seconds (0d 0h 0m 0s)

---------------  T H R E A D  ---------------

Current thread (0x000001c2fbcaf720):  JavaThread "Unknown thread" [_thread_in_vm, id=19332, stack(0x00000024d3500000,0x00000024d3600000)]

Stack: [0x00000024d3500000,0x00000024d3600000]
Native frames: (J=compiled Java code, j=interpreted, Vv=VM code, C=native code)
V  [jvm.dll+0x676b3a]
V  [jvm.dll+0x831444]
V  [jvm.dll+0x832bee]
V  [jvm.dll+0x833253]
V  [jvm.dll+0x244ce5]
V  [jvm.dll+0x673a49]
V  [jvm.dll+0x66811a]
V  [jvm.dll+0x303ceb]
V  [jvm.dll+0x30b1e6]
V  [jvm.dll+0x35adbe]
V  [jvm.dll+0x35afef]
V  [jvm.dll+0x2dab88]
V  [jvm.dll+0x2dbaf4]
V  [jvm.dll+0x803121]
V  [jvm.dll+0x368bb1]
V  [jvm.dll+0x7e265c]
V  [jvm.dll+0x3eb17f]
V  [jvm.dll+0x3eccc1]
C  [cyvrtrap.dll+0xf743]
C  [jli.dll+0x5267]
C  [ucrtbase.dll+0x26c0c]
C  [cyinjct.dll+0x11e7]
C  [KERNEL32.DLL+0x153e0]
C  [ntdll.dll+0x485b]


---------------  P R O C E S S  ---------------

Threads class SMR info:
_java_thread_list=0x00007ffd17c52f18, length=0, elements={
}

Java Threads: ( => current thread )

Other Threads:
  0x000001c2fbd1a0e0 GCTaskThread "GC Thread#0" [stack: 0x00000024d3600000,0x00000024d3700000] [id=23620]
  0x000001c2fbd2f5d0 ConcurrentGCThread "G1 Main Marker" [stack: 0x00000024d3700000,0x00000024d3800000] [id=25312]
  0x000001c2fbd31ef0 ConcurrentGCThread "G1 Conc#0" [stack: 0x00000024d3800000,0x00000024d3900000] [id=27080]

[error occurred during error reporting (printing all threads), id 0xc0000005, EXCEPTION_ACCESS_VIOLATION (0xc0000005) at pc=0x00007ffd1742b617]

VM state: not at safepoint (not fully initialized)

VM Mutex/Monitor currently owned by a thread:  ([mutex/lock_event])
[0x000001c2fbca7170] Heap_lock - owner thread: 0x000001c2fbcaf720

Heap address: 0x0000000704e00000, size: 4018 MB, Compressed Oops mode: Zero based, Oop shift amount: 3

CDS archive(s) mapped at: [0x0000000000000000-0x0000000000000000-0x0000000000000000), size 0, SharedBaseAddress: 0x0000000800000000, ArchiveRelocationMode: 0.
Narrow klass base: 0x0000000000000000, Narrow klass shift: 0, Narrow klass range: 0x0

GC Precious Log:
<Empty>

Heap:
 garbage-first heap   total 0K, used 0K [0x0000000704e00000, 0x0000000800000000)
  region size 2048K, 0 young (0K), 0 survivors (0K)

[error occurred during error reporting (printing heap information), id 0xc0000005, EXCEPTION_ACCESS_VIOLATION (0xc0000005) at pc=0x00007ffd1780fcb9]

GC Heap History (0 events):
No events

Dll operation events (1 events):
Event: 0.053 Loaded shared library C:\Users\PR20331590\Downloads\eclipse-jee-2022-12-R-win32-x86_64\eclipse\plugins\org.eclipse.justj.openjdk.hotspot.jre.full.win32.x86_64_17.0.5.v20221102-0933\jre\bin\java.dll

Deoptimization events (0 events):
No events

Classes unloaded (0 events):
No events

Classes redefined (0 events):
No events

Internal exceptions (0 events):
No events

VM Operations (0 events):
No events

Events (0 events):
No events


Dynamic libraries:
0x00007ff7de310000 - 0x00007ff7de31e000 	C:\Users\PR20331590\Downloads\eclipse-jee-2022-12-R-win32-x86_64\eclipse\plugins\org.eclipse.justj.openjdk.hotspot.jre.full.win32.x86_64_17.0.5.v20221102-0933\jre\bin\javaw.exe
0x00007ffdacc60000 - 0x00007ffdace69000 	C:\windows\SYSTEM32\ntdll.dll
0x00007ffdac9b0000 - 0x00007ffdaca6d000 	C:\windows\System32\KERNEL32.DLL
0x00007ffdac620000 - 0x00007ffdac9a4000 	C:\windows\System32\KERNELBASE.dll
0x0000000075b70000 - 0x0000000075bab000 	C:\windows\System32\cyinjct.dll
0x00007ffdac4a0000 - 0x00007ffdac4ac000 	C:\windows\System32\ntnativeapi.dll
0x00007ffd9dec0000 - 0x00007ffd9ded7000 	C:\Users\PR20331590\Downloads\eclipse-jee-2022-12-R-win32-x86_64\eclipse\plugins\org.eclipse.justj.openjdk.hotspot.jre.full.win32.x86_64_17.0.5.v20221102-0933\jre\bin\jli.dll
0x000001c2f9790000 - 0x000001c2f993d000 	C:\windows\System32\USER32.dll
0x00007ffdaa0c0000 - 0x00007ffdaa0e6000 	C:\windows\System32\win32u.dll
0x00007ffdaa7c0000 - 0x00007ffdaa7ea000 	C:\windows\System32\GDI32.dll
0x00007ffdaa4e0000 - 0x00007ffdaa5fe000 	C:\windows\System32\gdi32full.dll
0x00007ffdaa210000 - 0x00007ffdaa2ad000 	C:\windows\System32\msvcp_win.dll
0x000001c2f9940000 - 0x000001c2f9a51000 	C:\windows\System32\ucrtbase.dll
0x00007ffd9bb00000 - 0x00007ffd9bb19000 	C:\Users\PR20331590\Downloads\eclipse-jee-2022-12-R-win32-x86_64\eclipse\plugins\org.eclipse.justj.openjdk.hotspot.jre.full.win32.x86_64_17.0.5.v20221102-0933\jre\bin\VCRUNTIME140.dll
0x00007ffd97bd0000 - 0x00007ffd97e75000 	C:\windows\WinSxS\amd64_microsoft.windows.common-controls_6595b64144ccf1df_6.0.22000.120_none_9d947278b86cc467\COMCTL32.dll
0x00007ffdaaae0000 - 0x00007ffdaab83000 	C:\windows\System32\msvcrt.dll
0x00007ffdac480000 - 0x00007ffdac49e000 	C:\windows\System32\cyvera.dll
0x00007ffdac410000 - 0x00007ffdac47b000 	C:\windows\System32\cyvrtrap.dll
0x00007ffdab040000 - 0x00007ffdab071000 	C:\windows\System32\IMM32.DLL
0x00007ffda9c40000 - 0x00007ffda9dc2000 	C:\Program Files\Avecto\Privilege Guard Client\PGHook.dll
0x00007ffdaa7f0000 - 0x00007ffdaa89e000 	C:\windows\System32\ADVAPI32.dll
0x00007ffdab380000 - 0x00007ffdab41e000 	C:\windows\System32\sechost.dll
0x00007ffdac4f0000 - 0x00007ffdac611000 	C:\windows\System32\RPCRT4.dll
0x00007ffda3910000 - 0x00007ffda391c000 	C:\Users\PR20331590\Downloads\eclipse-jee-2022-12-R-win32-x86_64\eclipse\plugins\org.eclipse.justj.openjdk.hotspot.jre.full.win32.x86_64_17.0.5.v20221102-0933\jre\bin\vcruntime140_1.dll
0x00007ffd95770000 - 0x00007ffd95801000 	C:\Users\PR20331590\Downloads\eclipse-jee-2022-12-R-win32-x86_64\eclipse\plugins\org.eclipse.justj.openjdk.hotspot.jre.full.win32.x86_64_17.0.5.v20221102-0933\jre\bin\msvcp140.dll
0x00007ffd17140000 - 0x00007ffd17d84000 	C:\Users\PR20331590\Downloads\eclipse-jee-2022-12-R-win32-x86_64\eclipse\plugins\org.eclipse.justj.openjdk.hotspot.jre.full.win32.x86_64_17.0.5.v20221102-0933\jre\bin\server\jvm.dll
0x00007ffd9be00000 - 0x00007ffd9be09000 	C:\windows\SYSTEM32\WSOCK32.dll
0x00007ffdab420000 - 0x00007ffdab48f000 	C:\windows\System32\WS2_32.dll
0x00007ffd9ca80000 - 0x00007ffd9cab3000 	C:\windows\SYSTEM32\WINMM.dll
0x00007ffda8a40000 - 0x00007ffda8a4a000 	C:\windows\SYSTEM32\VERSION.dll
0x00007ffda8d90000 - 0x00007ffda8da8000 	C:\windows\SYSTEM32\kernel.appcore.dll
0x00007ffd8b3e0000 - 0x00007ffd8b3ea000 	C:\Users\PR20331590\Downloads\eclipse-jee-2022-12-R-win32-x86_64\eclipse\plugins\org.eclipse.justj.openjdk.hotspot.jre.full.win32.x86_64_17.0.5.v20221102-0933\jre\bin\jimage.dll
0x00007ffda4340000 - 0x00007ffda4561000 	C:\windows\SYSTEM32\DBGHELP.DLL
0x00007ffd85fd0000 - 0x00007ffd86001000 	C:\windows\SYSTEM32\dbgcore.DLL
0x00007ffdaa040000 - 0x00007ffdaa0bf000 	C:\windows\System32\bcryptPrimitives.dll
0x00007ffdac3d0000 - 0x00007ffdac407000 	C:\Program Files\Palo Alto Networks\Traps\cyjagent.dll
0x00007ffd4c5b0000 - 0x00007ffd4c5d5000 	C:\Users\PR20331590\Downloads\eclipse-jee-2022-12-R-win32-x86_64\eclipse\plugins\org.eclipse.justj.openjdk.hotspot.jre.full.win32.x86_64_17.0.5.v20221102-0933\jre\bin\java.dll

dbghelp: loaded successfully - version: 4.0.5 - missing functions: none
symbol engine: initialized successfully - sym options: 0x614 - pdb path: .;C:\Users\PR20331590\Downloads\eclipse-jee-2022-12-R-win32-x86_64\eclipse\plugins\org.eclipse.justj.openjdk.hotspot.jre.full.win32.x86_64_17.0.5.v20221102-0933\jre\bin;C:\windows\SYSTEM32;C:\windows\WinSxS\amd64_microsoft.windows.common-controls_6595b64144ccf1df_6.0.22000.120_none_9d947278b86cc467;C:\Program Files\Avecto\Privilege Guard Client;C:\Users\PR20331590\Downloads\eclipse-jee-2022-12-R-win32-x86_64\eclipse\plugins\org.eclipse.justj.openjdk.hotspot.jre.full.win32.x86_64_17.0.5.v20221102-0933\jre\bin\server;C:\Program Files\Palo Alto Networks\Traps

VM Arguments:
jvm_args: -ea -Dfile.encoding=UTF-8 -XX:+ShowCodeDetailsInExceptionMessages -agentpath:C:\Program Files\Palo Alto Networks\Traps\cyjagent.dll 
java_command: org.testng.remote.RemoteTestNG -serport 63512 -protocol json -d C:\Users\PR20331590\eclipse-workspace\cybs-plugin-woocommerce-test-automation\test-output C:\Users\PR20331590\eclipse-workspace\cybs-plugin-woocommerce-test-automation\resources\testcases\woocommerce.test.xml\CreditCardAuthCapRefund.xml
java_class_path (initial): C:\Users\PR20331590\Downloads\eclipse-jee-2022-12-R-win32-x86_64\eclipse\configuration\org.eclipse.osgi\923\0\.cp\lib\testng-remote.jar;C:\Users\PR20331590\eclipse-workspace\cybs-plugin-woocommerce-test-automation\bin;C:\Users\PR20331590\eclipse-workspace\cybs-plugin-woocommerce-test-automation\lib\poi-3.6-20091214.jar;C:\Users\PR20331590\eclipse-workspace\cybs-plugin-woocommerce-test-automation\lib\poi-ooxml-3.6-20091214.jar;C:\Users\PR20331590\eclipse-workspace\cybs-plugin-woocommerce-test-automation\lib\poi-ooxml-schemas-3.6-20091214.jar;C:\Users\PR20331590\eclipse-workspace\cybs-plugin-woocommerce-test-automation\lib\selenium-server-standalone-3.4.0.jar;C:\Users\PR20331590\eclipse-workspace\cybs-plugin-woocommerce-test-automation\lib\xmlbeans-2.3.0.jar;C:\Users\PR20331590\eclipse-workspace\cybs-plugin-woocommerce-test-automation\lib\log4j-1.2.17.jar;C:\Users\PR20331590\eclipse-workspace\cybs-plugin-woocommerce-test-automation\lib\dom4j-1.1.jar;C:\Users\PR20331590\Downloads\eclipse-jee-2022-12-R-win32-x86_64\eclipse\plugins\org.testng_7.4.0.r202105021533.jar;C:\Users\PR20331590\Downloads\eclipse-jee-2022-12-R-win32-x86_64\eclipse\plugins\com.beust.jcommander_1.78.0.jar;C:\Users\PR20331590\Downloads\eclipse-jee-2022-12-R-win32-x86_64\eclipse\plugins\org.apache-extras.beanshell.bsh_2.0.0.b6.jar;C:\Users\PR20331590\Downloads\eclipse-jee-2022-12-R-win32-x86_64\eclipse\plugins\org.yaml.snakeyaml_1.27.0.v20221112-0806.jar;C:\Users\PR20331590\Downloads\eclipse-jee-2022-12-R-win32-x86_64\eclipse\plugins\org.webjars.jquery_3.5.1.jar
Launcher Type: SUN_STANDARD

[Global flags]
     intx CICompilerCount                          = 4                                         {product} {ergonomic}
     uint ConcGCThreads                            = 2                                         {product} {ergonomic}
     uint G1ConcRefinementThreads                  = 8                                         {product} {ergonomic}
   size_t G1HeapRegionSize                         = 2097152                                   {product} {ergonomic}
    uintx GCDrainStackTargetSize                   = 64                                        {product} {ergonomic}
   size_t InitialHeapSize                          = 264241152                                 {product} {ergonomic}
   size_t MarkStackSize                            = 4194304                                   {product} {ergonomic}
   size_t MaxHeapSize                              = 4213178368                                {product} {ergonomic}
   size_t MinHeapDeltaBytes                        = 2097152                                   {product} {ergonomic}
   size_t MinHeapSize                              = 8388608                                   {product} {ergonomic}
    uintx NonNMethodCodeHeapSize                   = 5839372                                {pd product} {ergonomic}
    uintx NonProfiledCodeHeapSize                  = 122909434                              {pd product} {ergonomic}
    uintx ProfiledCodeHeapSize                     = 122909434                              {pd product} {ergonomic}
    uintx ReservedCodeCacheSize                    = 251658240                              {pd product} {ergonomic}
     bool SegmentedCodeCache                       = true                                      {product} {ergonomic}
     bool ShowCodeDetailsInExceptionMessages       = true                                   {manageable} {command line}
   size_t SoftMaxHeapSize                          = 4213178368                             {manageable} {ergonomic}
     bool UseCompressedClassPointers               = true                           {product lp64_product} {ergonomic}
     bool UseCompressedOops                        = true                           {product lp64_product} {ergonomic}
     bool UseG1GC                                  = true                                      {product} {ergonomic}
     bool UseLargePagesIndividualAllocation        = false                                  {pd product} {ergonomic}

Logging:
Log output configuration:
 #0: stdout all=warning uptime,level,tags
 #1: stderr all=off uptime,level,tags

Environment Variables:
JAVA_HOME=C:\Program Files\Oracle\OpenJDK 11.0.1
PATH=C:/Users/PR20331590/Downloads/eclipse-jee-2022-12-R-win32-x86_64/eclipse//plugins/org.eclipse.justj.openjdk.hotspot.jre.full.win32.x86_64_17.0.5.v20221102-0933/jre/bin/server;C:/Users/PR20331590/Downloads/eclipse-jee-2022-12-R-win32-x86_64/eclipse//plugins/org.eclipse.justj.openjdk.hotspot.jre.full.win32.x86_64_17.0.5.v20221102-0933/jre/bin;C:\windows\system32;C:\windows;C:\windows\System32\Wbem;C:\windows\System32\WindowsPowerShell\v1.0\;C:\windows\System32\OpenSSH\;C:\Program Files\nodejs\;C:\Users\PR20331590\AppData\Local\Microsoft\WindowsApps;C:\Program Files\Oracle\OpenJDK 11.0.1\bin;;C:\Users\PR20331590\AppData\Local\Programs\Microsoft VS Code\bin;C:\Users\PR20331590\AppData\Roaming\npm;C:\Users\PR20331590\Downloads\eclipse-jee-2022-12-R-win32-x86_64\eclipse;
USERNAME=PR20331590
OS=Windows_NT
PROCESSOR_IDENTIFIER=Intel64 Family 6 Model 142 Stepping 12, GenuineIntel
TMP=C:\Users\PR20331590\AppData\Local\Temp
TEMP=C:\Users\PR20331590\AppData\Local\Temp



---------------  S Y S T E M  ---------------

OS:
 Windows 11 , 64 bit Build 22000 (10.0.22000.2360)
OS uptime: 0 days 19:32 hours

CPU: total 8 (initial active 8) (4 cores per cpu, 2 threads per core) family 6 model 142 stepping 12 microcode 0xf8, cx8, cmov, fxsr, ht, mmx, 3dnowpref, sse, sse2, sse3, ssse3, sse4.1, sse4.2, popcnt, lzcnt, tsc, tscinvbit, avx, avx2, aes, erms, clmul, bmi1, bmi2, adx, fma, vzeroupper, clflush, clflushopt

Memory: 4k page, system-wide physical 16067M (3087M free)
TotalPageFile size 46477M (AvailPageFile size 169M)
current process WorkingSet (physical memory assigned to process): 13M, peak: 13M
current process commit charge ("private bytes"): 63M, peak: 315M

vm_info: OpenJDK 64-Bit Server VM (17.0.5+8) for windows-amd64 JRE (17.0.5+8), built on Oct 19 2022 04:48:13 by "temurin" with MS VC++ 16.7 (VS2019)

END.
