#
# There is insufficient memory for the Java Runtime Environment to continue.
# Native memory allocation (malloc) failed to allocate 197312 bytes for Chunk::new
# Possible reasons:
#   The system is out of physical RAM or swap space
#   The process is running with CompressedOops enabled, and the Java Heap may be blocking the growth of the native heap
# Possible solutions:
#   Reduce memory load on the system
#   Increase physical memory or swap space
#   Check if swap backing store is full
#   Decrease Java heap size (-Xmx/-Xms)
#   Decrease number of Java threads
#   Decrease Java thread stack sizes (-Xss)
#   Set larger code cache with -XX:ReservedCodeCacheSize=
#   JVM is running with Zero Based Compressed Oops mode in which the Java heap is
#     placed in the first 32GB address space. The Java Heap base address is the
#     maximum limit for the native heap growth. Please use -XX:HeapBaseMinAddress
#     to set the Java Heap base and to place the Java Heap above 32GB virtual address.
# This output file may be truncated or incomplete.
#
#  Out of Memory Error (arena.cpp:189), pid=26348, tid=21676
#
# JRE version: OpenJDK Runtime Environment Temurin-17.0.5+8 (17.0.5+8) (build 17.0.5+8)
# Java VM: OpenJDK 64-Bit Server VM Temurin-17.0.5+8 (17.0.5+8, mixed mode, tiered, compressed oops, compressed class ptrs, g1 gc, windows-amd64)
# No core dump will be written. Minidumps are not enabled by default on client versions of Windows
#

---------------  S U M M A R Y ------------

Command Line: -ea -Dfile.encoding=UTF-8 -XX:+ShowCodeDetailsInExceptionMessages -agentpath:C:\Program Files\Palo Alto Networks\Traps\cyjagent.dll org.testng.remote.RemoteTestNG -serport 59757 -protocol json -d C:\Users\PR20331590\eclipse-workspace\cybs-plugin-woocommerce-test-automation\test-output C:\Users\PR20331590\eclipse-workspace\cybs-plugin-woocommerce-test-automation\resources\testcases\woocommerce.test.xml\CreditCardNullScenarios.xml

Host: Intel(R) Core(TM) i5-10310U CPU @ 1.70GHz, 8 cores, 15G,  Windows 11 , 64 bit Build 22000 (10.0.22000.2600)
Time: Sun Dec  3 16:30:43 2023 India Standard Time elapsed time: 21.669230 seconds (0d 0h 0m 21s)

---------------  T H R E A D  ---------------

Current thread (0x0000022fff82b930):  JavaThread "C2 CompilerThread0" daemon [_thread_in_native, id=21676, stack(0x000000f528400000,0x000000f528500000)]


Current CompileTask:
C2:  21672 1375   !   4       java.util.concurrent.ConcurrentHashMap::putVal (432 bytes)

Stack: [0x000000f528400000,0x000000f528500000]
Native frames: (J=compiled Java code, j=interpreted, Vv=VM code, C=native code)
V  [jvm.dll+0x676b3a]
V  [jvm.dll+0x831444]
V  [jvm.dll+0x832bee]
V  [jvm.dll+0x833253]
V  [jvm.dll+0x244ce5]
V  [jvm.dll+0xabbac]
V  [jvm.dll+0xac17c]
V  [jvm.dll+0x362d57]
V  [jvm.dll+0x1bb498]
V  [jvm.dll+0x217ca9]
V  [jvm.dll+0x216f71]
V  [jvm.dll+0x1a343d]
V  [jvm.dll+0x22698a]
V  [jvm.dll+0x224ac5]
V  [jvm.dll+0x7e727b]
V  [jvm.dll+0x7e17ea]
V  [jvm.dll+0x6759e5]
C  [ucrtbase.dll+0x26c0c]
C  [cyinjct.dll+0x11e7]
C  [KERNEL32.DLL+0x153e0]
C  [ntdll.dll+0x485b]


---------------  P R O C E S S  ---------------

Threads class SMR info:
_java_thread_list=0x0000022f88e81e40, length=13, elements={
0x0000022fe6a00390, 0x0000022fff7f5020, 0x0000022fff7f7b70, 0x0000022ffefa2310,
0x0000022ffefa2bd0, 0x0000022ffefa3aa0, 0x0000022ffefa4360, 0x0000022fff82b930,
0x0000022fff82e240, 0x0000022fff82eb40, 0x0000022fff9a0740, 0x0000022fff9a0ea0,
0x0000022f88904c00
}

Java Threads: ( => current thread )
  0x0000022fe6a00390 JavaThread "main" [_thread_in_vm, id=1052, stack(0x000000f527700000,0x000000f527800000)]
  0x0000022fff7f5020 JavaThread "Reference Handler" daemon [_thread_blocked, id=16816, stack(0x000000f527e00000,0x000000f527f00000)]
  0x0000022fff7f7b70 JavaThread "Finalizer" daemon [_thread_blocked, id=7188, stack(0x000000f527f00000,0x000000f528000000)]
  0x0000022ffefa2310 JavaThread "Signal Dispatcher" daemon [_thread_blocked, id=17840, stack(0x000000f528000000,0x000000f528100000)]
  0x0000022ffefa2bd0 JavaThread "Attach Listener" daemon [_thread_blocked, id=9388, stack(0x000000f528100000,0x000000f528200000)]
  0x0000022ffefa3aa0 JavaThread "Service Thread" daemon [_thread_blocked, id=7844, stack(0x000000f528200000,0x000000f528300000)]
  0x0000022ffefa4360 JavaThread "Monitor Deflation Thread" daemon [_thread_blocked, id=26456, stack(0x000000f528300000,0x000000f528400000)]
=>0x0000022fff82b930 JavaThread "C2 CompilerThread0" daemon [_thread_in_native, id=21676, stack(0x000000f528400000,0x000000f528500000)]
  0x0000022fff82e240 JavaThread "C1 CompilerThread0" daemon [_thread_blocked, id=2596, stack(0x000000f528500000,0x000000f528600000)]
  0x0000022fff82eb40 JavaThread "Sweeper thread" daemon [_thread_blocked, id=19584, stack(0x000000f528600000,0x000000f528700000)]
  0x0000022fff9a0740 JavaThread "Notification Thread" daemon [_thread_blocked, id=9704, stack(0x000000f528700000,0x000000f528800000)]
  0x0000022fff9a0ea0 JavaThread "Common-Cleaner" daemon [_thread_blocked, id=14712, stack(0x000000f528900000,0x000000f528a00000)]
  0x0000022f88904c00 JavaThread "ReaderThread" [_thread_in_native, id=6356, stack(0x000000f528b00000,0x000000f528c00000)]

Other Threads:
  0x0000022fff7df910 VMThread "VM Thread" [stack: 0x000000f527d00000,0x000000f527e00000] [id=16436]
  0x0000022fff9a0c10 WatcherThread [stack: 0x000000f528800000,0x000000f528900000] [id=16716]
  0x0000022fe6a6c690 GCTaskThread "GC Thread#0" [stack: 0x000000f527800000,0x000000f527900000] [id=9668]
  0x0000022f88eab7f0 GCTaskThread "GC Thread#1" [stack: 0x000000f528d00000,0x000000f528e00000] [id=19976]
  0x0000022f88fc1020 GCTaskThread "GC Thread#2" [stack: 0x000000f528e00000,0x000000f528f00000] [id=13764]
  0x0000022f88ebfb70 GCTaskThread "GC Thread#3" [stack: 0x000000f528f00000,0x000000f529000000] [id=12780]
  0x0000022f88ebfe20 GCTaskThread "GC Thread#4" [stack: 0x000000f529000000,0x000000f529100000] [id=15184]
  0x0000022f88ec00d0 GCTaskThread "GC Thread#5" [stack: 0x000000f529100000,0x000000f529200000] [id=23504]
  0x0000022f88fdebd0 GCTaskThread "GC Thread#6" [stack: 0x000000f529200000,0x000000f529300000] [id=16104]
  0x0000022f89c1f950 GCTaskThread "GC Thread#7" [stack: 0x000000f529300000,0x000000f529400000] [id=18112]
  0x0000022fe6a81940 ConcurrentGCThread "G1 Main Marker" [stack: 0x000000f527900000,0x000000f527a00000] [id=8936]
  0x0000022fe6a82620 ConcurrentGCThread "G1 Conc#0" [stack: 0x000000f527a00000,0x000000f527b00000] [id=14864]
  0x0000022fe6a8e950 ConcurrentGCThread "G1 Refine#0" [stack: 0x000000f527b00000,0x000000f527c00000] [id=15876]
  0x0000022ffee661a0 ConcurrentGCThread "G1 Service" [stack: 0x000000f527c00000,0x000000f527d00000] [id=21236]

Threads with active compile tasks:
C2 CompilerThread0    21845 1375   !   4       java.util.concurrent.ConcurrentHashMap::putVal (432 bytes)

VM state: not at safepoint (normal execution)

VM Mutex/Monitor currently owned by a thread: None

Heap address: 0x0000000704e00000, size: 4018 MB, Compressed Oops mode: Zero based, Oop shift amount: 3

CDS archive(s) not mapped
Compressed class space mapped at: 0x0000000800000000-0x0000000840000000, reserved size: 1073741824
Narrow klass base: 0x0000000800000000, Narrow klass shift: 0, Narrow klass range: 0x40000000

GC Precious Log:
 CPUs: 8 total, 8 available
 Memory: 16067M
 Large Page Support: Disabled
 NUMA Support: Disabled
 Compressed Oops: Enabled (Zero based)
 Heap Region Size: 2M
 Heap Min Capacity: 8M
 Heap Initial Capacity: 252M
 Heap Max Capacity: 4018M
 Pre-touch: Disabled
 Parallel Workers: 8
 Concurrent Workers: 2
 Concurrent Refinement Workers: 8
 Periodic GC: Disabled

Heap:
 garbage-first heap   total 258048K, used 8900K [0x0000000704e00000, 0x0000000800000000)
  region size 2048K, 5 young (10240K), 2 survivors (4096K)
 Metaspace       used 16977K, committed 17152K, reserved 1064960K
  class space    used 1717K, committed 1792K, reserved 1048576K

Heap Regions: E=young(eden), S=young(survivor), O=old, HS=humongous(starts), HC=humongous(continues), CS=collection set, F=free, OA=open archive, CA=closed archive, TAMS=top-at-mark-start (previous, next)
|   0|0x0000000704e00000, 0x0000000705000000, 0x0000000705000000|100%|HS|  |TAMS 0x0000000704e00000, 0x0000000704e00000| Complete 
|   1|0x0000000705000000, 0x00000007050b1200, 0x0000000705200000| 34%| O|  |TAMS 0x0000000705000000, 0x0000000705000000| Untracked 
|   2|0x0000000705200000, 0x0000000705200000, 0x0000000705400000|  0%| F|  |TAMS 0x0000000705200000, 0x0000000705200000| Untracked 
|   3|0x0000000705400000, 0x0000000705400000, 0x0000000705600000|  0%| F|  |TAMS 0x0000000705400000, 0x0000000705400000| Untracked 
|   4|0x0000000705600000, 0x0000000705600000, 0x0000000705800000|  0%| F|  |TAMS 0x0000000705600000, 0x0000000705600000| Untracked 
|   5|0x0000000705800000, 0x0000000705800000, 0x0000000705a00000|  0%| F|  |TAMS 0x0000000705800000, 0x0000000705800000| Untracked 
|   6|0x0000000705a00000, 0x0000000705a00000, 0x0000000705c00000|  0%| F|  |TAMS 0x0000000705a00000, 0x0000000705a00000| Untracked 
|   7|0x0000000705c00000, 0x0000000705c00000, 0x0000000705e00000|  0%| F|  |TAMS 0x0000000705c00000, 0x0000000705c00000| Untracked 
|   8|0x0000000705e00000, 0x0000000705e00000, 0x0000000706000000|  0%| F|  |TAMS 0x0000000705e00000, 0x0000000705e00000| Untracked 
|   9|0x0000000706000000, 0x0000000706000000, 0x0000000706200000|  0%| F|  |TAMS 0x0000000706000000, 0x0000000706000000| Untracked 
|  10|0x0000000706200000, 0x0000000706200000, 0x0000000706400000|  0%| F|  |TAMS 0x0000000706200000, 0x0000000706200000| Untracked 
|  11|0x0000000706400000, 0x0000000706400000, 0x0000000706600000|  0%| F|  |TAMS 0x0000000706400000, 0x0000000706400000| Untracked 
|  12|0x0000000706600000, 0x0000000706600000, 0x0000000706800000|  0%| F|  |TAMS 0x0000000706600000, 0x0000000706600000| Untracked 
|  13|0x0000000706800000, 0x0000000706800000, 0x0000000706a00000|  0%| F|  |TAMS 0x0000000706800000, 0x0000000706800000| Untracked 
|  14|0x0000000706a00000, 0x0000000706a00000, 0x0000000706c00000|  0%| F|  |TAMS 0x0000000706a00000, 0x0000000706a00000| Untracked 
|  15|0x0000000706c00000, 0x0000000706c00000, 0x0000000706e00000|  0%| F|  |TAMS 0x0000000706c00000, 0x0000000706c00000| Untracked 
|  16|0x0000000706e00000, 0x0000000706e00000, 0x0000000707000000|  0%| F|  |TAMS 0x0000000706e00000, 0x0000000706e00000| Untracked 
|  17|0x0000000707000000, 0x0000000707000000, 0x0000000707200000|  0%| F|  |TAMS 0x0000000707000000, 0x0000000707000000| Untracked 
|  18|0x0000000707200000, 0x0000000707200000, 0x0000000707400000|  0%| F|  |TAMS 0x0000000707200000, 0x0000000707200000| Untracked 
|  19|0x0000000707400000, 0x0000000707400000, 0x0000000707600000|  0%| F|  |TAMS 0x0000000707400000, 0x0000000707400000| Untracked 
|  20|0x0000000707600000, 0x0000000707600000, 0x0000000707800000|  0%| F|  |TAMS 0x0000000707600000, 0x0000000707600000| Untracked 
|  21|0x0000000707800000, 0x0000000707800000, 0x0000000707a00000|  0%| F|  |TAMS 0x0000000707800000, 0x0000000707800000| Untracked 
|  22|0x0000000707a00000, 0x0000000707a00000, 0x0000000707c00000|  0%| F|  |TAMS 0x0000000707a00000, 0x0000000707a00000| Untracked 
|  23|0x0000000707c00000, 0x0000000707c00000, 0x0000000707e00000|  0%| F|  |TAMS 0x0000000707c00000, 0x0000000707c00000| Untracked 
|  24|0x0000000707e00000, 0x0000000707e00000, 0x0000000708000000|  0%| F|  |TAMS 0x0000000707e00000, 0x0000000707e00000| Untracked 
|  25|0x0000000708000000, 0x0000000708000000, 0x0000000708200000|  0%| F|  |TAMS 0x0000000708000000, 0x0000000708000000| Untracked 
|  26|0x0000000708200000, 0x0000000708200000, 0x0000000708400000|  0%| F|  |TAMS 0x0000000708200000, 0x0000000708200000| Untracked 
|  27|0x0000000708400000, 0x0000000708400000, 0x0000000708600000|  0%| F|  |TAMS 0x0000000708400000, 0x0000000708400000| Untracked 
|  28|0x0000000708600000, 0x0000000708600000, 0x0000000708800000|  0%| F|  |TAMS 0x0000000708600000, 0x0000000708600000| Untracked 
|  29|0x0000000708800000, 0x0000000708800000, 0x0000000708a00000|  0%| F|  |TAMS 0x0000000708800000, 0x0000000708800000| Untracked 
|  30|0x0000000708a00000, 0x0000000708a00000, 0x0000000708c00000|  0%| F|  |TAMS 0x0000000708a00000, 0x0000000708a00000| Untracked 
|  31|0x0000000708c00000, 0x0000000708c00000, 0x0000000708e00000|  0%| F|  |TAMS 0x0000000708c00000, 0x0000000708c00000| Untracked 
|  32|0x0000000708e00000, 0x0000000708e00000, 0x0000000709000000|  0%| F|  |TAMS 0x0000000708e00000, 0x0000000708e00000| Untracked 
|  33|0x0000000709000000, 0x0000000709000000, 0x0000000709200000|  0%| F|  |TAMS 0x0000000709000000, 0x0000000709000000| Untracked 
|  34|0x0000000709200000, 0x0000000709200000, 0x0000000709400000|  0%| F|  |TAMS 0x0000000709200000, 0x0000000709200000| Untracked 
|  35|0x0000000709400000, 0x0000000709400000, 0x0000000709600000|  0%| F|  |TAMS 0x0000000709400000, 0x0000000709400000| Untracked 
|  36|0x0000000709600000, 0x0000000709600000, 0x0000000709800000|  0%| F|  |TAMS 0x0000000709600000, 0x0000000709600000| Untracked 
|  37|0x0000000709800000, 0x0000000709800000, 0x0000000709a00000|  0%| F|  |TAMS 0x0000000709800000, 0x0000000709800000| Untracked 
|  38|0x0000000709a00000, 0x0000000709a00000, 0x0000000709c00000|  0%| F|  |TAMS 0x0000000709a00000, 0x0000000709a00000| Untracked 
|  39|0x0000000709c00000, 0x0000000709c00000, 0x0000000709e00000|  0%| F|  |TAMS 0x0000000709c00000, 0x0000000709c00000| Untracked 
|  40|0x0000000709e00000, 0x0000000709e00000, 0x000000070a000000|  0%| F|  |TAMS 0x0000000709e00000, 0x0000000709e00000| Untracked 
|  41|0x000000070a000000, 0x000000070a000000, 0x000000070a200000|  0%| F|  |TAMS 0x000000070a000000, 0x000000070a000000| Untracked 
|  42|0x000000070a200000, 0x000000070a200000, 0x000000070a400000|  0%| F|  |TAMS 0x000000070a200000, 0x000000070a200000| Untracked 
|  43|0x000000070a400000, 0x000000070a400000, 0x000000070a600000|  0%| F|  |TAMS 0x000000070a400000, 0x000000070a400000| Untracked 
|  44|0x000000070a600000, 0x000000070a600000, 0x000000070a800000|  0%| F|  |TAMS 0x000000070a600000, 0x000000070a600000| Untracked 
|  45|0x000000070a800000, 0x000000070a800000, 0x000000070aa00000|  0%| F|  |TAMS 0x000000070a800000, 0x000000070a800000| Untracked 
|  46|0x000000070aa00000, 0x000000070aa00000, 0x000000070ac00000|  0%| F|  |TAMS 0x000000070aa00000, 0x000000070aa00000| Untracked 
|  47|0x000000070ac00000, 0x000000070ac00000, 0x000000070ae00000|  0%| F|  |TAMS 0x000000070ac00000, 0x000000070ac00000| Untracked 
|  48|0x000000070ae00000, 0x000000070ae00000, 0x000000070b000000|  0%| F|  |TAMS 0x000000070ae00000, 0x000000070ae00000| Untracked 
|  49|0x000000070b000000, 0x000000070b000000, 0x000000070b200000|  0%| F|  |TAMS 0x000000070b000000, 0x000000070b000000| Untracked 
|  50|0x000000070b200000, 0x000000070b200000, 0x000000070b400000|  0%| F|  |TAMS 0x000000070b200000, 0x000000070b200000| Untracked 
|  51|0x000000070b400000, 0x000000070b400000, 0x000000070b600000|  0%| F|  |TAMS 0x000000070b400000, 0x000000070b400000| Untracked 
|  52|0x000000070b600000, 0x000000070b600000, 0x000000070b800000|  0%| F|  |TAMS 0x000000070b600000, 0x000000070b600000| Untracked 
|  53|0x000000070b800000, 0x000000070b800000, 0x000000070ba00000|  0%| F|  |TAMS 0x000000070b800000, 0x000000070b800000| Untracked 
|  54|0x000000070ba00000, 0x000000070ba00000, 0x000000070bc00000|  0%| F|  |TAMS 0x000000070ba00000, 0x000000070ba00000| Untracked 
|  55|0x000000070bc00000, 0x000000070bc00000, 0x000000070be00000|  0%| F|  |TAMS 0x000000070bc00000, 0x000000070bc00000| Untracked 
|  56|0x000000070be00000, 0x000000070be00000, 0x000000070c000000|  0%| F|  |TAMS 0x000000070be00000, 0x000000070be00000| Untracked 
|  57|0x000000070c000000, 0x000000070c000000, 0x000000070c200000|  0%| F|  |TAMS 0x000000070c000000, 0x000000070c000000| Untracked 
|  58|0x000000070c200000, 0x000000070c200000, 0x000000070c400000|  0%| F|  |TAMS 0x000000070c200000, 0x000000070c200000| Untracked 
|  59|0x000000070c400000, 0x000000070c400000, 0x000000070c600000|  0%| F|  |TAMS 0x000000070c400000, 0x000000070c400000| Untracked 
|  60|0x000000070c600000, 0x000000070c600000, 0x000000070c800000|  0%| F|  |TAMS 0x000000070c600000, 0x000000070c600000| Untracked 
|  61|0x000000070c800000, 0x000000070c800000, 0x000000070ca00000|  0%| F|  |TAMS 0x000000070c800000, 0x000000070c800000| Untracked 
|  62|0x000000070ca00000, 0x000000070ca00000, 0x000000070cc00000|  0%| F|  |TAMS 0x000000070ca00000, 0x000000070ca00000| Untracked 
|  63|0x000000070cc00000, 0x000000070cc00000, 0x000000070ce00000|  0%| F|  |TAMS 0x000000070cc00000, 0x000000070cc00000| Untracked 
|  64|0x000000070ce00000, 0x000000070ce00000, 0x000000070d000000|  0%| F|  |TAMS 0x000000070ce00000, 0x000000070ce00000| Untracked 
|  65|0x000000070d000000, 0x000000070d000000, 0x000000070d200000|  0%| F|  |TAMS 0x000000070d000000, 0x000000070d000000| Untracked 
|  66|0x000000070d200000, 0x000000070d200000, 0x000000070d400000|  0%| F|  |TAMS 0x000000070d200000, 0x000000070d200000| Untracked 
|  67|0x000000070d400000, 0x000000070d400000, 0x000000070d600000|  0%| F|  |TAMS 0x000000070d400000, 0x000000070d400000| Untracked 
|  68|0x000000070d600000, 0x000000070d600000, 0x000000070d800000|  0%| F|  |TAMS 0x000000070d600000, 0x000000070d600000| Untracked 
|  69|0x000000070d800000, 0x000000070d800000, 0x000000070da00000|  0%| F|  |TAMS 0x000000070d800000, 0x000000070d800000| Untracked 
|  70|0x000000070da00000, 0x000000070da00000, 0x000000070dc00000|  0%| F|  |TAMS 0x000000070da00000, 0x000000070da00000| Untracked 
|  71|0x000000070dc00000, 0x000000070dc00000, 0x000000070de00000|  0%| F|  |TAMS 0x000000070dc00000, 0x000000070dc00000| Untracked 
|  72|0x000000070de00000, 0x000000070de00000, 0x000000070e000000|  0%| F|  |TAMS 0x000000070de00000, 0x000000070de00000| Untracked 
|  73|0x000000070e000000, 0x000000070e000000, 0x000000070e200000|  0%| F|  |TAMS 0x000000070e000000, 0x000000070e000000| Untracked 
|  74|0x000000070e200000, 0x000000070e200000, 0x000000070e400000|  0%| F|  |TAMS 0x000000070e200000, 0x000000070e200000| Untracked 
|  75|0x000000070e400000, 0x000000070e400000, 0x000000070e600000|  0%| F|  |TAMS 0x000000070e400000, 0x000000070e400000| Untracked 
|  76|0x000000070e600000, 0x000000070e600000, 0x000000070e800000|  0%| F|  |TAMS 0x000000070e600000, 0x000000070e600000| Untracked 
|  77|0x000000070e800000, 0x000000070e800000, 0x000000070ea00000|  0%| F|  |TAMS 0x000000070e800000, 0x000000070e800000| Untracked 
|  78|0x000000070ea00000, 0x000000070ea00000, 0x000000070ec00000|  0%| F|  |TAMS 0x000000070ea00000, 0x000000070ea00000| Untracked 
|  79|0x000000070ec00000, 0x000000070ec00000, 0x000000070ee00000|  0%| F|  |TAMS 0x000000070ec00000, 0x000000070ec00000| Untracked 
|  80|0x000000070ee00000, 0x000000070ee00000, 0x000000070f000000|  0%| F|  |TAMS 0x000000070ee00000, 0x000000070ee00000| Untracked 
|  81|0x000000070f000000, 0x000000070f000000, 0x000000070f200000|  0%| F|  |TAMS 0x000000070f000000, 0x000000070f000000| Untracked 
|  82|0x000000070f200000, 0x000000070f200000, 0x000000070f400000|  0%| F|  |TAMS 0x000000070f200000, 0x000000070f200000| Untracked 
|  83|0x000000070f400000, 0x000000070f400000, 0x000000070f600000|  0%| F|  |TAMS 0x000000070f400000, 0x000000070f400000| Untracked 
|  84|0x000000070f600000, 0x000000070f600000, 0x000000070f800000|  0%| F|  |TAMS 0x000000070f600000, 0x000000070f600000| Untracked 
|  85|0x000000070f800000, 0x000000070f800000, 0x000000070fa00000|  0%| F|  |TAMS 0x000000070f800000, 0x000000070f800000| Untracked 
|  86|0x000000070fa00000, 0x000000070fa00000, 0x000000070fc00000|  0%| F|  |TAMS 0x000000070fa00000, 0x000000070fa00000| Untracked 
|  87|0x000000070fc00000, 0x000000070fc00000, 0x000000070fe00000|  0%| F|  |TAMS 0x000000070fc00000, 0x000000070fc00000| Untracked 
|  88|0x000000070fe00000, 0x000000070fe00000, 0x0000000710000000|  0%| F|  |TAMS 0x000000070fe00000, 0x000000070fe00000| Untracked 
|  89|0x0000000710000000, 0x0000000710000000, 0x0000000710200000|  0%| F|  |TAMS 0x0000000710000000, 0x0000000710000000| Untracked 
|  90|0x0000000710200000, 0x0000000710200000, 0x0000000710400000|  0%| F|  |TAMS 0x0000000710200000, 0x0000000710200000| Untracked 
|  91|0x0000000710400000, 0x0000000710400000, 0x0000000710600000|  0%| F|  |TAMS 0x0000000710400000, 0x0000000710400000| Untracked 
|  92|0x0000000710600000, 0x0000000710600000, 0x0000000710800000|  0%| F|  |TAMS 0x0000000710600000, 0x0000000710600000| Untracked 
|  93|0x0000000710800000, 0x0000000710800000, 0x0000000710a00000|  0%| F|  |TAMS 0x0000000710800000, 0x0000000710800000| Untracked 
|  94|0x0000000710a00000, 0x0000000710a00000, 0x0000000710c00000|  0%| F|  |TAMS 0x0000000710a00000, 0x0000000710a00000| Untracked 
|  95|0x0000000710c00000, 0x0000000710c00000, 0x0000000710e00000|  0%| F|  |TAMS 0x0000000710c00000, 0x0000000710c00000| Untracked 
|  96|0x0000000710e00000, 0x0000000710e00000, 0x0000000711000000|  0%| F|  |TAMS 0x0000000710e00000, 0x0000000710e00000| Untracked 
|  97|0x0000000711000000, 0x0000000711000000, 0x0000000711200000|  0%| F|  |TAMS 0x0000000711000000, 0x0000000711000000| Untracked 
|  98|0x0000000711200000, 0x0000000711200000, 0x0000000711400000|  0%| F|  |TAMS 0x0000000711200000, 0x0000000711200000| Untracked 
|  99|0x0000000711400000, 0x0000000711400000, 0x0000000711600000|  0%| F|  |TAMS 0x0000000711400000, 0x0000000711400000| Untracked 
| 100|0x0000000711600000, 0x0000000711600000, 0x0000000711800000|  0%| F|  |TAMS 0x0000000711600000, 0x0000000711600000| Untracked 
| 101|0x0000000711800000, 0x0000000711800000, 0x0000000711a00000|  0%| F|  |TAMS 0x0000000711800000, 0x0000000711800000| Untracked 
| 102|0x0000000711a00000, 0x0000000711a00000, 0x0000000711c00000|  0%| F|  |TAMS 0x0000000711a00000, 0x0000000711a00000| Untracked 
| 103|0x0000000711c00000, 0x0000000711c00000, 0x0000000711e00000|  0%| F|  |TAMS 0x0000000711c00000, 0x0000000711c00000| Untracked 
| 104|0x0000000711e00000, 0x0000000711e00000, 0x0000000712000000|  0%| F|  |TAMS 0x0000000711e00000, 0x0000000711e00000| Untracked 
| 105|0x0000000712000000, 0x0000000712000000, 0x0000000712200000|  0%| F|  |TAMS 0x0000000712000000, 0x0000000712000000| Untracked 
| 106|0x0000000712200000, 0x0000000712200000, 0x0000000712400000|  0%| F|  |TAMS 0x0000000712200000, 0x0000000712200000| Untracked 
| 107|0x0000000712400000, 0x0000000712400000, 0x0000000712600000|  0%| F|  |TAMS 0x0000000712400000, 0x0000000712400000| Untracked 
| 108|0x0000000712600000, 0x0000000712600000, 0x0000000712800000|  0%| F|  |TAMS 0x0000000712600000, 0x0000000712600000| Untracked 
| 109|0x0000000712800000, 0x0000000712800000, 0x0000000712a00000|  0%| F|  |TAMS 0x0000000712800000, 0x0000000712800000| Untracked 
| 110|0x0000000712a00000, 0x0000000712a00000, 0x0000000712c00000|  0%| F|  |TAMS 0x0000000712a00000, 0x0000000712a00000| Untracked 
| 111|0x0000000712c00000, 0x0000000712c00000, 0x0000000712e00000|  0%| F|  |TAMS 0x0000000712c00000, 0x0000000712c00000| Untracked 
| 112|0x0000000712e00000, 0x0000000712e00000, 0x0000000713000000|  0%| F|  |TAMS 0x0000000712e00000, 0x0000000712e00000| Untracked 
| 113|0x0000000713000000, 0x0000000713200000, 0x0000000713200000|100%| S|CS|TAMS 0x0000000713000000, 0x0000000713000000| Complete 
| 114|0x0000000713200000, 0x0000000713400000, 0x0000000713400000|100%| S|CS|TAMS 0x0000000713200000, 0x0000000713200000| Complete 
| 115|0x0000000713400000, 0x0000000713400000, 0x0000000713600000|  0%| F|  |TAMS 0x0000000713400000, 0x0000000713400000| Untracked 
| 116|0x0000000713600000, 0x0000000713600000, 0x0000000713800000|  0%| F|  |TAMS 0x0000000713600000, 0x0000000713600000| Untracked 
| 117|0x0000000713800000, 0x0000000713800000, 0x0000000713a00000|  0%| F|  |TAMS 0x0000000713800000, 0x0000000713800000| Untracked 
| 118|0x0000000713a00000, 0x0000000713a00000, 0x0000000713c00000|  0%| F|  |TAMS 0x0000000713a00000, 0x0000000713a00000| Untracked 
| 119|0x0000000713c00000, 0x0000000713c00000, 0x0000000713e00000|  0%| F|  |TAMS 0x0000000713c00000, 0x0000000713c00000| Untracked 
| 120|0x0000000713e00000, 0x0000000713e00000, 0x0000000714000000|  0%| F|  |TAMS 0x0000000713e00000, 0x0000000713e00000| Untracked 
| 121|0x0000000714000000, 0x0000000714000000, 0x0000000714200000|  0%| F|  |TAMS 0x0000000714000000, 0x0000000714000000| Untracked 
| 122|0x0000000714200000, 0x0000000714200000, 0x0000000714400000|  0%| F|  |TAMS 0x0000000714200000, 0x0000000714200000| Untracked 
| 123|0x0000000714400000, 0x0000000714481070, 0x0000000714600000| 25%| E|  |TAMS 0x0000000714400000, 0x0000000714400000| Complete 
| 124|0x0000000714600000, 0x0000000714800000, 0x0000000714800000|100%| E|  |TAMS 0x0000000714600000, 0x0000000714600000| Complete 
| 125|0x0000000714800000, 0x0000000714a00000, 0x0000000714a00000|100%| E|CS|TAMS 0x0000000714800000, 0x0000000714800000| Complete 

Card table byte_map: [0x0000022ffbc50000,0x0000022ffc430000] _byte_map_base: 0x0000022ff8429000

Marking Bits (Prev, Next): (CMBitMap*) 0x0000022fe6a6dbb0, (CMBitMap*) 0x0000022fe6a6dbf0
 Prev Bits: [0x0000022f80000000, 0x0000022f83ec8000)
 Next Bits: [0x0000022f83ed0000, 0x0000022f87d98000)

Polling page: 0x0000022fe6a90000

Metaspace:

Usage:
  Non-class:     14.90 MB used.
      Class:      1.68 MB used.
       Both:     16.58 MB used.

Virtual space:
  Non-class space:       16.00 MB reserved,      15.00 MB ( 94%) committed,  2 nodes.
      Class space:        1.00 GB reserved,       1.75 MB ( <1%) committed,  1 nodes.
             Both:        1.02 GB reserved,      16.75 MB (  2%) committed. 

Chunk freelists:
   Non-Class:  96.00 KB
       Class:  2.06 MB
        Both:  2.16 MB

MaxMetaspaceSize: unlimited
CompressedClassSpaceSize: 1.00 GB
Initial GC threshold: 21.00 MB
Current GC threshold: 21.00 MB
CDS: off
MetaspaceReclaimPolicy: balanced
 - commit_granule_bytes: 65536.
 - commit_granule_words: 8192.
 - virtual_space_node_default_size: 1048576.
 - enlarge_chunks_in_place: 1.
 - new_chunks_are_fully_committed: 0.
 - uncommit_free_chunks: 1.
 - use_allocation_guard: 0.
 - handle_deallocations: 1.


Internal statistics:

num_allocs_failed_limit: 0.
num_arena_births: 126.
num_arena_deaths: 0.
num_vsnodes_births: 3.
num_vsnodes_deaths: 0.
num_space_committed: 268.
num_space_uncommitted: 0.
num_chunks_returned_to_freelist: 0.
num_chunks_taken_from_freelist: 390.
num_chunk_merges: 0.
num_chunk_splits: 237.
num_chunks_enlarged: 167.
num_purges: 0.
num_inconsistent_stats: 0.

CodeHeap 'non-profiled nmethods': size=120000Kb used=411Kb max_used=411Kb free=119588Kb
 bounds [0x0000022ff35d0000, 0x0000022ff3840000, 0x0000022ffab00000]
CodeHeap 'profiled nmethods': size=120000Kb used=2567Kb max_used=2567Kb free=117432Kb
 bounds [0x0000022fec0a0000, 0x0000022fec330000, 0x0000022ff35d0000]
CodeHeap 'non-nmethods': size=5760Kb used=1186Kb max_used=1206Kb free=4573Kb
 bounds [0x0000022febb00000, 0x0000022febd70000, 0x0000022fec0a0000]
 total_blobs=1890 nmethods=1408 adapters=395
 compilation: enabled
              stopped_count=0, restarted_count=0
 full_count=0

Compilation events (20 events):
Event: 21.594 Thread 0x0000022fff82e240 1384       3       java.lang.invoke.MemberName::hashCode (43 bytes)
Event: 21.595 Thread 0x0000022fff82e240 nmethod 1384 0x0000022fec316a10 code [0x0000022fec316c60, 0x0000022fec3179c8]
Event: 21.595 Thread 0x0000022fff82e240 1385       3       java.lang.Byte::<init> (10 bytes)
Event: 21.595 Thread 0x0000022fff82e240 nmethod 1385 0x0000022fec317d10 code [0x0000022fec317ec0, 0x0000022fec318098]
Event: 21.599 Thread 0x0000022fff82b930 nmethod 1374 0x0000022ff3635790 code [0x0000022ff3635920, 0x0000022ff3635ff8]
Event: 21.599 Thread 0x0000022fff82b930 1375   !   4       java.util.concurrent.ConcurrentHashMap::putVal (432 bytes)
Event: 21.600 Thread 0x0000022fff82e240 1386       3       java.lang.StringBuilder::toString (35 bytes)
Event: 21.600 Thread 0x0000022fff82e240 nmethod 1386 0x0000022fec318190 code [0x0000022fec318360, 0x0000022fec318638]
Event: 21.601 Thread 0x0000022fff82e240 1388       3       java.lang.Class::newReflectionData (66 bytes)
Event: 21.602 Thread 0x0000022fff82e240 nmethod 1388 0x0000022fec318710 code [0x0000022fec318920, 0x0000022fec319238]
Event: 21.602 Thread 0x0000022fff82e240 1390       3       jdk.internal.reflect.ClassFileAssembler::setStack (25 bytes)
Event: 21.602 Thread 0x0000022fff82e240 nmethod 1390 0x0000022fec319510 code [0x0000022fec3196a0, 0x0000022fec3197f8]
Event: 21.602 Thread 0x0000022fff82e240 1389       3       jdk.internal.reflect.MagicAccessorImpl::<init> (5 bytes)
Event: 21.602 Thread 0x0000022fff82e240 nmethod 1389 0x0000022fec319890 code [0x0000022fec319a20, 0x0000022fec319b78]
Event: 21.603 Thread 0x0000022fff82e240 1391       3       java.nio.ByteBuffer::arrayOffset (35 bytes)
Event: 21.603 Thread 0x0000022fff82e240 nmethod 1391 0x0000022fec319c10 code [0x0000022fec319de0, 0x0000022fec31a0b8]
Event: 21.603 Thread 0x0000022fff82e240 1392       3       java.util.Calendar::complete (40 bytes)
Event: 21.604 Thread 0x0000022fff82e240 nmethod 1392 0x0000022fec31a210 code [0x0000022fec31a3c0, 0x0000022fec31a678]
Event: 21.604 Thread 0x0000022fff82e240 1393       3       java.util.Calendar::get (10 bytes)
Event: 21.604 Thread 0x0000022fff82e240 nmethod 1393 0x0000022fec31a790 code [0x0000022fec31a940, 0x0000022fec31aba8]

GC Heap History (2 events):
Event: 19.431 GC heap before
{Heap before GC invocations=0 (full 0):
 garbage-first heap   total 258048K, used 22528K [0x0000000704e00000, 0x0000000800000000)
  region size 2048K, 11 young (22528K), 0 survivors (0K)
 Metaspace       used 15696K, committed 15872K, reserved 1064960K
  class space    used 1581K, committed 1664K, reserved 1048576K
}
Event: 19.443 GC heap after
{Heap after GC invocations=1 (full 0):
 garbage-first heap   total 258048K, used 6852K [0x0000000704e00000, 0x0000000800000000)
  region size 2048K, 2 young (4096K), 2 survivors (4096K)
 Metaspace       used 15696K, committed 15872K, reserved 1064960K
  class space    used 1581K, committed 1664K, reserved 1048576K
}

Dll operation events (6 events):
Event: 0.076 Loaded shared library C:\Users\PR20331590\Downloads\eclipse-jee-2022-12-R-win32-x86_64\eclipse\plugins\org.eclipse.justj.openjdk.hotspot.jre.full.win32.x86_64_17.0.5.v20221102-0933\jre\bin\java.dll
Event: 15.614 Loaded shared library C:\Users\PR20331590\Downloads\eclipse-jee-2022-12-R-win32-x86_64\eclipse\plugins\org.eclipse.justj.openjdk.hotspot.jre.full.win32.x86_64_17.0.5.v20221102-0933\jre\bin\net.dll
Event: 15.627 Loaded shared library C:\Users\PR20331590\Downloads\eclipse-jee-2022-12-R-win32-x86_64\eclipse\plugins\org.eclipse.justj.openjdk.hotspot.jre.full.win32.x86_64_17.0.5.v20221102-0933\jre\bin\nio.dll
Event: 15.649 Loaded shared library C:\Users\PR20331590\Downloads\eclipse-jee-2022-12-R-win32-x86_64\eclipse\plugins\org.eclipse.justj.openjdk.hotspot.jre.full.win32.x86_64_17.0.5.v20221102-0933\jre\bin\zip.dll
Event: 15.760 Loaded shared library C:\Users\PR20331590\Downloads\eclipse-jee-2022-12-R-win32-x86_64\eclipse\plugins\org.eclipse.justj.openjdk.hotspot.jre.full.win32.x86_64_17.0.5.v20221102-0933\jre\bin\verify.dll
Event: 16.011 Loaded shared library C:\Users\PR20331590\Downloads\eclipse-jee-2022-12-R-win32-x86_64\eclipse\plugins\org.eclipse.justj.openjdk.hotspot.jre.full.win32.x86_64_17.0.5.v20221102-0933\jre\bin\jimage.dll

Deoptimization events (20 events):
Event: 19.264 Thread 0x0000022fe6a00390 Uncommon trap: trap_request=0xffffffde fr.pc=0x0000022ff36271c8 relative=0x0000000000000128
Event: 19.264 Thread 0x0000022fe6a00390 Uncommon trap: reason=class_check action=maybe_recompile pc=0x0000022ff36271c8 method=jdk.internal.misc.Unsafe.allocateUninitializedArray(Ljava/lang/Class;I)Ljava/lang/Object; @ 51 c2
Event: 19.264 Thread 0x0000022fe6a00390 DEOPT PACKING pc=0x0000022ff36271c8 sp=0x000000f5277fd020
Event: 19.265 Thread 0x0000022fe6a00390 DEOPT UNPACKING pc=0x0000022febb523a3 sp=0x000000f5277fcfa8 mode 2
Event: 19.418 Thread 0x0000022fe6a00390 Uncommon trap: trap_request=0xffffff45 fr.pc=0x0000022ff361be0c relative=0x00000000000016ec
Event: 19.418 Thread 0x0000022fe6a00390 Uncommon trap: reason=unstable_if action=reinterpret pc=0x0000022ff361be0c method=java.util.HashMap.putVal(ILjava/lang/Object;Ljava/lang/Object;ZZ)Ljava/lang/Object; @ 236 c2
Event: 19.418 Thread 0x0000022fe6a00390 DEOPT PACKING pc=0x0000022ff361be0c sp=0x000000f5277fead0
Event: 19.418 Thread 0x0000022fe6a00390 DEOPT UNPACKING pc=0x0000022febb523a3 sp=0x000000f5277feab8 mode 2
Event: 19.460 Thread 0x0000022fe6a00390 Uncommon trap: trap_request=0xffffff45 fr.pc=0x0000022ff3631e30 relative=0x0000000000000170
Event: 19.460 Thread 0x0000022fe6a00390 Uncommon trap: reason=unstable_if action=reinterpret pc=0x0000022ff3631e30 method=java.util.concurrent.ConcurrentHashMap.addCount(JI)V @ 121 c2
Event: 19.460 Thread 0x0000022fe6a00390 DEOPT PACKING pc=0x0000022ff3631e30 sp=0x000000f5277fdde0
Event: 19.460 Thread 0x0000022fe6a00390 DEOPT UNPACKING pc=0x0000022febb523a3 sp=0x000000f5277fdd40 mode 2
Event: 19.533 Thread 0x0000022fe6a00390 Uncommon trap: trap_request=0xffffff45 fr.pc=0x0000022ff35fb010 relative=0x0000000000000550
Event: 19.533 Thread 0x0000022fe6a00390 Uncommon trap: reason=unstable_if action=reinterpret pc=0x0000022ff35fb010 method=java.lang.AbstractStringBuilder.putStringAt(ILjava/lang/String;II)V @ 8 c2
Event: 19.533 Thread 0x0000022fe6a00390 DEOPT PACKING pc=0x0000022ff35fb010 sp=0x000000f5277fd5d0
Event: 19.533 Thread 0x0000022fe6a00390 DEOPT UNPACKING pc=0x0000022febb523a3 sp=0x000000f5277fd4b0 mode 2
Event: 19.537 Thread 0x0000022fe6a00390 Uncommon trap: trap_request=0xffffff45 fr.pc=0x0000022ff3620538 relative=0x0000000000000418
Event: 19.537 Thread 0x0000022fe6a00390 Uncommon trap: reason=unstable_if action=reinterpret pc=0x0000022ff3620538 method=java.lang.StringBuilder.toString()Ljava/lang/String; @ 4 c2
Event: 19.537 Thread 0x0000022fe6a00390 DEOPT PACKING pc=0x0000022ff3620538 sp=0x000000f5277fd690
Event: 19.537 Thread 0x0000022fe6a00390 DEOPT UNPACKING pc=0x0000022febb523a3 sp=0x000000f5277fd670 mode 2

Classes unloaded (0 events):
No events

Classes redefined (1 events):
Event: 0.547 Thread 0x0000022fff7df910 redefined class name=java.io.FileOutputStream, count=1

Internal exceptions (20 events):
Event: 19.081 Thread 0x0000022fe6a00390 Exception <a 'java/lang/ClassNotFoundException'{0x00000007136ad268}: org/apache/log4j/FileAppenderBeanInfo> (0x00000007136ad268) 
thrown [s\src\hotspot\share\classfile\systemDictionary.cpp, line 256]
Event: 19.081 Thread 0x0000022fe6a00390 Exception <a 'java/lang/ClassNotFoundException'{0x00000007136afc60}: org/apache/log4j/WriterAppenderBeanInfo> (0x00000007136afc60) 
thrown [s\src\hotspot\share\classfile\systemDictionary.cpp, line 256]
Event: 19.082 Thread 0x0000022fe6a00390 Exception <a 'java/lang/ClassNotFoundException'{0x00000007136b26c8}: org/apache/log4j/AppenderSkeletonBeanInfo> (0x00000007136b26c8) 
thrown [s\src\hotspot\share\classfile\systemDictionary.cpp, line 256]
Event: 19.083 Thread 0x0000022fe6a00390 Exception <a 'java/lang/ClassNotFoundException'{0x00000007136b53c8}: org/apache/log4j/AppenderSkeletonCustomizer> (0x00000007136b53c8) 
thrown [s\src\hotspot\share\classfile\systemDictionary.cpp, line 256]
Event: 19.090 Thread 0x0000022fe6a00390 Exception <a 'java/lang/ClassNotFoundException'{0x00000007136c5a10}: org/apache/log4j/WriterAppenderCustomizer> (0x00000007136c5a10) 
thrown [s\src\hotspot\share\classfile\systemDictionary.cpp, line 256]
Event: 19.095 Thread 0x0000022fe6a00390 Exception <a 'java/lang/ClassNotFoundException'{0x00000007136d2120}: org/apache/log4j/FileAppenderCustomizer> (0x00000007136d2120) 
thrown [s\src\hotspot\share\classfile\systemDictionary.cpp, line 256]
Event: 19.099 Thread 0x0000022fe6a00390 Exception <a 'java/lang/ClassNotFoundException'{0x00000007136de228}: org/apache/log4j/RollingFileAppenderCustomizer> (0x00000007136de228) 
thrown [s\src\hotspot\share\classfile\systemDictionary.cpp, line 256]
Event: 19.118 Thread 0x0000022fe6a00390 Exception <a 'java/lang/ClassNotFoundException'{0x00000007136fb170}: org/apache/log4j/ConsoleAppenderBeanInfo> (0x00000007136fb170) 
thrown [s\src\hotspot\share\classfile\systemDictionary.cpp, line 256]
Event: 19.118 Thread 0x0000022fe6a00390 Exception <a 'java/lang/ClassNotFoundException'{0x00000007136fd658}: org/apache/log4j/ConsoleAppenderCustomizer> (0x00000007136fd658) 
thrown [s\src\hotspot\share\classfile\systemDictionary.cpp, line 256]
Event: 19.123 Thread 0x0000022fe6a00390 Implicit null exception at 0x0000022ff35fd3f2 to 0x0000022ff35fda4c
Event: 19.170 Thread 0x0000022fe6a00390 Exception <a 'java/lang/NoSuchMethodError'{0x000000071376fae0}: 'int java.lang.invoke.DirectMethodHandle$Holder.invokeSpecial(java.lang.Object, java.lang.Object, java.lang.Object)'> (0x000000071376fae0) 
thrown [s\src\hotspot\share\interpreter\linkResolver.cpp, line 759]
Event: 19.213 Thread 0x0000022fe6a00390 Exception <a 'java/lang/NoSuchMethodError'{0x00000007137eef70}: 'void java.lang.invoke.DirectMethodHandle$Holder.invokeStatic(java.lang.Object, java.lang.Object, java.lang.Object, java.lang.Object, java.lang.Object, java.lang.Object)'> (0x00000007137eef70) 
thrown [s\src\hotspot\share\interpreter\linkResolver.cpp, line 759]
Event: 19.223 Thread 0x0000022fe6a00390 Exception <a 'java/lang/IncompatibleClassChangeError'{0x0000000713402778}: Found class java.lang.Object, but interface was expected> (0x0000000713402778) 
thrown [s\src\hotspot\share\interpreter\linkResolver.cpp, line 826]
Event: 19.307 Thread 0x0000022fe6a00390 Exception <a 'java/lang/NoSuchMethodError'{0x00000007134b6868}: 'java.lang.Object java.lang.invoke.DirectMethodHandle$Holder.newInvokeSpecial(java.lang.Object, int, java.lang.Object)'> (0x00000007134b6868) 
thrown [s\src\hotspot\share\interpreter\linkResolver.cpp, line 759]
Event: 19.333 Thread 0x0000022fe6a00390 Exception <a 'java/lang/NoSuchMethodError'{0x00000007134eceb8}: 'java.lang.Object java.lang.invoke.DirectMethodHandle$Holder.invokeStatic(java.lang.Object, java.lang.Object, int, java.lang.Object, java.lang.Object)'> (0x00000007134eceb8) 
thrown [s\src\hotspot\share\interpreter\linkResolver.cpp, line 759]
Event: 19.334 Thread 0x0000022fe6a00390 Exception <a 'java/lang/NoSuchMethodError'{0x00000007134f4840}: 'java.lang.Object java.lang.invoke.DirectMethodHandle$Holder.newInvokeSpecial(java.lang.Object, java.lang.Object, int, java.lang.Object)'> (0x00000007134f4840) 
thrown [s\src\hotspot\share\interpreter\linkResolver.cpp, line 759]
Event: 19.336 Thread 0x0000022fe6a00390 Exception <a 'java/lang/NoSuchMethodError'{0x00000007134f8c20}: 'java.lang.Object java.lang.invoke.DirectMethodHandle$Holder.invokeSpecial(java.lang.Object, java.lang.Object, java.lang.Object, int, java.lang.Object)'> (0x00000007134f8c20) 
thrown [s\src\hotspot\share\interpreter\linkResolver.cpp, line 759]
Event: 19.336 Thread 0x0000022fe6a00390 Exception <a 'java/lang/NoSuchMethodError'{0x00000007134fc7e8}: 'java.lang.Object java.lang.invoke.Invokers$Holder.linkToTargetMethod(java.lang.Object, int, java.lang.Object, java.lang.Object)'> (0x00000007134fc7e8) 
thrown [s\src\hotspot\share\interpreter\linkResolver.cpp, line 759]
Event: 19.393 Thread 0x0000022fe6a00390 Exception <a 'java/lang/NoSuchMethodError'{0x000000071359d008}: 'void java.lang.invoke.DirectMethodHandle$Holder.invokeStatic(java.lang.Object, java.lang.Object, java.lang.Object)'> (0x000000071359d008) 
thrown [s\src\hotspot\share\interpreter\linkResolver.cpp, line 759]
Event: 21.593 Thread 0x0000022fe6a00390 Exception <a 'java/lang/NoSuchMethodError'{0x0000000714619360}: 'void java.lang.invoke.DirectMethodHandle$Holder.invokeInterface(java.lang.Object, java.lang.Object)'> (0x0000000714619360) 
thrown [s\src\hotspot\share\interpreter\linkResolver.cpp, line 759]

VM Operations (20 events):
Event: 16.046 Executing VM operation: Cleanup
Event: 16.046 Executing VM operation: Cleanup done
Event: 16.273 Executing VM operation: HandshakeAllThreads
Event: 16.273 Executing VM operation: HandshakeAllThreads done
Event: 17.281 Executing VM operation: Cleanup
Event: 17.282 Executing VM operation: Cleanup done
Event: 18.128 Executing VM operation: HandshakeAllThreads
Event: 18.128 Executing VM operation: HandshakeAllThreads done
Event: 18.798 Executing VM operation: HandshakeAllThreads
Event: 18.798 Executing VM operation: HandshakeAllThreads done
Event: 18.798 Executing VM operation: Cleanup
Event: 18.798 Executing VM operation: Cleanup done
Event: 18.921 Executing VM operation: HandshakeAllThreads
Event: 18.921 Executing VM operation: HandshakeAllThreads done
Event: 19.068 Executing VM operation: HandshakeAllThreads
Event: 19.068 Executing VM operation: HandshakeAllThreads done
Event: 19.430 Executing VM operation: G1CollectForAllocation
Event: 19.443 Executing VM operation: G1CollectForAllocation done
Event: 20.443 Executing VM operation: Cleanup
Event: 20.443 Executing VM operation: Cleanup done

Events (20 events):
Event: 19.413 loading class java/util/concurrent/ConcurrentLinkedDeque$Node done
Event: 19.448 loading class sun/misc/Unsafe
Event: 19.449 loading class sun/misc/Unsafe done
Event: 19.457 loading class jdk/internal/reflect/UnsafeQualifiedIntegerFieldAccessorImpl
Event: 19.457 loading class jdk/internal/reflect/UnsafeQualifiedIntegerFieldAccessorImpl done
Event: 19.457 loading class jdk/internal/reflect/UnsafeQualifiedBooleanFieldAccessorImpl
Event: 19.458 loading class jdk/internal/reflect/UnsafeQualifiedBooleanFieldAccessorImpl done
Event: 19.480 loading class java/util/concurrent/ConcurrentHashMap$EntrySpliterator
Event: 19.480 loading class java/util/concurrent/ConcurrentHashMap$EntrySpliterator done
Event: 19.502 loading class java/util/RegularEnumSet$EnumSetIterator
Event: 19.503 loading class java/util/RegularEnumSet$EnumSetIterator done
Event: 19.509 loading class java/lang/InheritableThreadLocal
Event: 19.509 loading class java/lang/InheritableThreadLocal done
Event: 19.510 Thread 0x0000022f88ce6490 Thread exited: 0x0000022f88ce6490
Event: 19.514 loading class java/util/concurrent/ExecutionException
Event: 19.514 loading class java/util/concurrent/ExecutionException done
Event: 19.514 loading class java/util/concurrent/Callable
Event: 19.515 loading class java/util/concurrent/Callable done
Event: 21.592 loading class java/util/Collections$2
Event: 21.592 loading class java/util/Collections$2 done


Dynamic libraries:
0x00007ff7bb2b0000 - 0x00007ff7bb2be000 	C:\Users\PR20331590\Downloads\eclipse-jee-2022-12-R-win32-x86_64\eclipse\plugins\org.eclipse.justj.openjdk.hotspot.jre.full.win32.x86_64_17.0.5.v20221102-0933\jre\bin\javaw.exe
0x00007ffcc8280000 - 0x00007ffcc8489000 	C:\windows\SYSTEM32\ntdll.dll
0x00007ffcc7fd0000 - 0x00007ffcc808d000 	C:\windows\System32\KERNEL32.DLL
0x00007ffcc7c40000 - 0x00007ffcc7fc5000 	C:\windows\System32\KERNELBASE.dll
0x0000000071260000 - 0x000000007129b000 	C:\windows\System32\cyinjct.dll
0x00007ffcc7ac0000 - 0x00007ffcc7acc000 	C:\windows\System32\ntnativeapi.dll
0x00007ffcbd920000 - 0x00007ffcbd937000 	C:\Users\PR20331590\Downloads\eclipse-jee-2022-12-R-win32-x86_64\eclipse\plugins\org.eclipse.justj.openjdk.hotspot.jre.full.win32.x86_64_17.0.5.v20221102-0933\jre\bin\jli.dll
0x0000022fe6530000 - 0x0000022fe66dd000 	C:\windows\System32\USER32.dll
0x00007ffcc5790000 - 0x00007ffcc57b6000 	C:\windows\System32\win32u.dll
0x00007ffcc76d0000 - 0x00007ffcc76fa000 	C:\windows\System32\GDI32.dll
0x00007ffcc5670000 - 0x00007ffcc578e000 	C:\windows\System32\gdi32full.dll
0x00007ffcc5b80000 - 0x00007ffcc5c1d000 	C:\windows\System32\msvcp_win.dll
0x0000022fe66e0000 - 0x0000022fe67f1000 	C:\windows\System32\ucrtbase.dll
0x00007ffcbd900000 - 0x00007ffcbd919000 	C:\Users\PR20331590\Downloads\eclipse-jee-2022-12-R-win32-x86_64\eclipse\plugins\org.eclipse.justj.openjdk.hotspot.jre.full.win32.x86_64_17.0.5.v20221102-0933\jre\bin\VCRUNTIME140.dll
0x00007ffcb3aa0000 - 0x00007ffcb3d45000 	C:\windows\WinSxS\amd64_microsoft.windows.common-controls_6595b64144ccf1df_6.0.22000.2600_none_1b65155c6ae217ae\COMCTL32.dll
0x00007ffcc7940000 - 0x00007ffcc79e3000 	C:\windows\System32\msvcrt.dll
0x00007ffcc7aa0000 - 0x00007ffcc7abe000 	C:\windows\System32\cyvera.dll
0x00007ffcc7a30000 - 0x00007ffcc7a9b000 	C:\windows\System32\cyvrtrap.dll
0x00007ffcc68d0000 - 0x00007ffcc6901000 	C:\windows\System32\IMM32.DLL
0x00007ffcc5310000 - 0x00007ffcc5492000 	C:\Program Files\Avecto\Privilege Guard Client\PGHook.dll
0x00007ffcc7700000 - 0x00007ffcc77b0000 	C:\windows\System32\ADVAPI32.dll
0x00007ffcc77b0000 - 0x00007ffcc784e000 	C:\windows\System32\sechost.dll
0x00007ffcc7b10000 - 0x00007ffcc7c32000 	C:\windows\System32\RPCRT4.dll
0x00007ffcbd8f0000 - 0x00007ffcbd8fc000 	C:\Users\PR20331590\Downloads\eclipse-jee-2022-12-R-win32-x86_64\eclipse\plugins\org.eclipse.justj.openjdk.hotspot.jre.full.win32.x86_64_17.0.5.v20221102-0933\jre\bin\vcruntime140_1.dll
0x00007ffcba6e0000 - 0x00007ffcba771000 	C:\Users\PR20331590\Downloads\eclipse-jee-2022-12-R-win32-x86_64\eclipse\plugins\org.eclipse.justj.openjdk.hotspot.jre.full.win32.x86_64_17.0.5.v20221102-0933\jre\bin\msvcp140.dll
0x00007ffc2d780000 - 0x00007ffc2e3c4000 	C:\Users\PR20331590\Downloads\eclipse-jee-2022-12-R-win32-x86_64\eclipse\plugins\org.eclipse.justj.openjdk.hotspot.jre.full.win32.x86_64_17.0.5.v20221102-0933\jre\bin\server\jvm.dll
0x00007ffc60910000 - 0x00007ffc60919000 	C:\windows\SYSTEM32\WSOCK32.dll
0x00007ffcc6860000 - 0x00007ffcc68cf000 	C:\windows\System32\WS2_32.dll
0x00007ffcb8000000 - 0x00007ffcb8033000 	C:\windows\SYSTEM32\WINMM.dll
0x00007ffcc4070000 - 0x00007ffcc407a000 	C:\windows\SYSTEM32\VERSION.dll
0x00007ffcc43c0000 - 0x00007ffcc43d8000 	C:\windows\SYSTEM32\kernel.appcore.dll
0x00007ffcb7530000 - 0x00007ffcb753a000 	C:\Users\PR20331590\Downloads\eclipse-jee-2022-12-R-win32-x86_64\eclipse\plugins\org.eclipse.justj.openjdk.hotspot.jre.full.win32.x86_64_17.0.5.v20221102-0933\jre\bin\jimage.dll
0x00007ffcbfc90000 - 0x00007ffcbfeb1000 	C:\windows\SYSTEM32\DBGHELP.DLL
0x00007ffca33a0000 - 0x00007ffca33d1000 	C:\windows\SYSTEM32\dbgcore.DLL
0x00007ffcc55f0000 - 0x00007ffcc566f000 	C:\windows\System32\bcryptPrimitives.dll
0x00007ffcc79f0000 - 0x00007ffcc7a27000 	C:\Program Files\Palo Alto Networks\Traps\cyjagent.dll
0x00007ffcb7350000 - 0x00007ffcb7375000 	C:\Users\PR20331590\Downloads\eclipse-jee-2022-12-R-win32-x86_64\eclipse\plugins\org.eclipse.justj.openjdk.hotspot.jre.full.win32.x86_64_17.0.5.v20221102-0933\jre\bin\java.dll
0x00007ffc89b60000 - 0x00007ffc89b78000 	C:\Users\PR20331590\Downloads\eclipse-jee-2022-12-R-win32-x86_64\eclipse\plugins\org.eclipse.justj.openjdk.hotspot.jre.full.win32.x86_64_17.0.5.v20221102-0933\jre\bin\zip.dll
0x00007ffcc5cf0000 - 0x00007ffcc64b5000 	C:\windows\System32\SHELL32.dll
0x00007ffcc3780000 - 0x00007ffcc3fe2000 	C:\windows\SYSTEM32\windows.storage.dll
0x00007ffcc64c0000 - 0x00007ffcc6836000 	C:\windows\System32\combase.dll
0x00007ffcc3610000 - 0x00007ffcc3777000 	C:\windows\SYSTEM32\wintypes.dll
0x00007ffcc7140000 - 0x00007ffcc722a000 	C:\windows\System32\SHCORE.dll
0x00007ffcc5c90000 - 0x00007ffcc5ced000 	C:\windows\System32\shlwapi.dll
0x00007ffcc5520000 - 0x00007ffcc5545000 	C:\windows\SYSTEM32\profapi.dll
0x00007ffc89b40000 - 0x00007ffc89b59000 	C:\Users\PR20331590\Downloads\eclipse-jee-2022-12-R-win32-x86_64\eclipse\plugins\org.eclipse.justj.openjdk.hotspot.jre.full.win32.x86_64_17.0.5.v20221102-0933\jre\bin\net.dll
0x00007ffcc43e0000 - 0x00007ffcc44f4000 	C:\windows\SYSTEM32\WINHTTP.dll
0x00007ffcc4980000 - 0x00007ffcc49e7000 	C:\windows\system32\mswsock.dll
0x00007ffc89720000 - 0x00007ffc89735000 	C:\Users\PR20331590\Downloads\eclipse-jee-2022-12-R-win32-x86_64\eclipse\plugins\org.eclipse.justj.openjdk.hotspot.jre.full.win32.x86_64_17.0.5.v20221102-0933\jre\bin\nio.dll
0x00007ffcb7560000 - 0x00007ffcb7570000 	C:\Users\PR20331590\Downloads\eclipse-jee-2022-12-R-win32-x86_64\eclipse\plugins\org.eclipse.justj.openjdk.hotspot.jre.full.win32.x86_64_17.0.5.v20221102-0933\jre\bin\verify.dll
0x00007ffcc3150000 - 0x00007ffcc3237000 	C:\windows\SYSTEM32\DNSAPI.dll
0x00007ffcc3120000 - 0x00007ffcc314d000 	C:\windows\SYSTEM32\IPHLPAPI.DLL
0x00007ffcc6fb0000 - 0x00007ffcc6fb9000 	C:\windows\System32\NSI.dll
0x00007ffcb73a0000 - 0x00007ffcb73aa000 	C:\Windows\System32\rasadhlp.dll
0x00007ffcb9280000 - 0x00007ffcb9301000 	C:\windows\System32\fwpuclnt.dll
0x00007ffcc4bc0000 - 0x00007ffcc4bd8000 	C:\windows\SYSTEM32\CRYPTSP.dll
0x00007ffcc4320000 - 0x00007ffcc4355000 	C:\windows\system32\rsaenh.dll
0x00007ffcc4a70000 - 0x00007ffcc4a9c000 	C:\windows\SYSTEM32\USERENV.dll
0x00007ffcc4d40000 - 0x00007ffcc4d67000 	C:\windows\SYSTEM32\bcrypt.dll
0x00007ffcc4be0000 - 0x00007ffcc4bec000 	C:\windows\SYSTEM32\CRYPTBASE.dll
0x00007ffcb90b0000 - 0x00007ffcb90c9000 	C:\windows\SYSTEM32\dhcpcsvc6.DLL
0x00007ffcb9090000 - 0x00007ffcb90ae000 	C:\windows\SYSTEM32\dhcpcsvc.DLL

dbghelp: loaded successfully - version: 4.0.5 - missing functions: none
symbol engine: initialized successfully - sym options: 0x614 - pdb path: .;C:\Users\PR20331590\Downloads\eclipse-jee-2022-12-R-win32-x86_64\eclipse\plugins\org.eclipse.justj.openjdk.hotspot.jre.full.win32.x86_64_17.0.5.v20221102-0933\jre\bin;C:\windows\SYSTEM32;C:\windows\WinSxS\amd64_microsoft.windows.common-controls_6595b64144ccf1df_6.0.22000.2600_none_1b65155c6ae217ae;C:\Program Files\Avecto\Privilege Guard Client;C:\Users\PR20331590\Downloads\eclipse-jee-2022-12-R-win32-x86_64\eclipse\plugins\org.eclipse.justj.openjdk.hotspot.jre.full.win32.x86_64_17.0.5.v20221102-0933\jre\bin\server;C:\Program Files\Palo Alto Networks\Traps

VM Arguments:
jvm_args: -ea -Dfile.encoding=UTF-8 -XX:+ShowCodeDetailsInExceptionMessages -agentpath:C:\Program Files\Palo Alto Networks\Traps\cyjagent.dll 
java_command: org.testng.remote.RemoteTestNG -serport 59757 -protocol json -d C:\Users\PR20331590\eclipse-workspace\cybs-plugin-woocommerce-test-automation\test-output C:\Users\PR20331590\eclipse-workspace\cybs-plugin-woocommerce-test-automation\resources\testcases\woocommerce.test.xml\CreditCardNullScenarios.xml
java_class_path (initial): C:\Users\PR20331590\Downloads\eclipse-jee-2022-12-R-win32-x86_64\eclipse\configuration\org.eclipse.osgi\923\0\.cp\lib\testng-remote.jar;C:\Users\PR20331590\eclipse-workspace\cybs-plugin-woocommerce-test-automation\bin;C:\Users\PR20331590\eclipse-workspace\cybs-plugin-woocommerce-test-automation\lib\poi-3.6-20091214.jar;C:\Users\PR20331590\eclipse-workspace\cybs-plugin-woocommerce-test-automation\lib\poi-ooxml-3.6-20091214.jar;C:\Users\PR20331590\eclipse-workspace\cybs-plugin-woocommerce-test-automation\lib\poi-ooxml-schemas-3.6-20091214.jar;C:\Users\PR20331590\eclipse-workspace\cybs-plugin-woocommerce-test-automation\lib\selenium-server-standalone-3.4.0.jar;C:\Users\PR20331590\eclipse-workspace\cybs-plugin-woocommerce-test-automation\lib\xmlbeans-2.3.0.jar;C:\Users\PR20331590\eclipse-workspace\cybs-plugin-woocommerce-test-automation\lib\log4j-1.2.17.jar;C:\Users\PR20331590\eclipse-workspace\cybs-plugin-woocommerce-test-automation\lib\dom4j-1.1.jar;C:\Users\PR20331590\Downloads\eclipse-jee-2022-12-R-win32-x86_64\eclipse\plugins\org.testng_7.4.0.r202105021533.jar;C:\Users\PR20331590\Downloads\eclipse-jee-2022-12-R-win32-x86_64\eclipse\plugins\com.beust.jcommander_1.78.0.jar;C:\Users\PR20331590\Downloads\eclipse-jee-2022-12-R-win32-x86_64\eclipse\plugins\org.apache-extras.beanshell.bsh_2.0.0.b6.jar;C:\Users\PR20331590\Downloads\eclipse-jee-2022-12-R-win32-x86_64\eclipse\plugins\org.yaml.snakeyaml_1.27.0.v20221112-0806.jar;C:\Users\PR20331590\Downloads\eclipse-jee-2022-12-R-win32-x86_64\eclipse\plugins\org.webjars.jquery_3.5.1.jar
Launcher Type: SUN_STANDARD

[Global flags]
     intx CICompilerCount                          = 4                                         {product} {ergonomic}
     uint ConcGCThreads                            = 2                                         {product} {ergonomic}
     uint G1ConcRefinementThreads                  = 8                                         {product} {ergonomic}
   size_t G1HeapRegionSize                         = 2097152                                   {product} {ergonomic}
    uintx GCDrainStackTargetSize                   = 64                                        {product} {ergonomic}
   size_t InitialHeapSize                          = 264241152                                 {product} {ergonomic}
   size_t MarkStackSize                            = 4194304                                   {product} {ergonomic}
   size_t MaxHeapSize                              = 4213178368                                {product} {ergonomic}
   size_t MaxNewSize                               = 2527068160                                {product} {ergonomic}
   size_t MinHeapDeltaBytes                        = 2097152                                   {product} {ergonomic}
   size_t MinHeapSize                              = 8388608                                   {product} {ergonomic}
    uintx NonNMethodCodeHeapSize                   = 5839372                                {pd product} {ergonomic}
    uintx NonProfiledCodeHeapSize                  = 122909434                              {pd product} {ergonomic}
    uintx ProfiledCodeHeapSize                     = 122909434                              {pd product} {ergonomic}
    uintx ReservedCodeCacheSize                    = 251658240                              {pd product} {ergonomic}
     bool SegmentedCodeCache                       = true                                      {product} {ergonomic}
     bool ShowCodeDetailsInExceptionMessages       = true                                   {manageable} {command line}
   size_t SoftMaxHeapSize                          = 4213178368                             {manageable} {ergonomic}
     bool UseCompressedClassPointers               = true                           {product lp64_product} {ergonomic}
     bool UseCompressedOops                        = true                           {product lp64_product} {ergonomic}
     bool UseG1GC                                  = true                                      {product} {ergonomic}
     bool UseLargePagesIndividualAllocation        = false                                  {pd product} {ergonomic}

Logging:
Log output configuration:
 #0: stdout all=warning uptime,level,tags
 #1: stderr all=off uptime,level,tags

Environment Variables:
JAVA_HOME=C:\Program Files\Oracle\OpenJDK 11.0.1
PATH=C:/Users/PR20331590/Downloads/eclipse-jee-2022-12-R-win32-x86_64/eclipse//plugins/org.eclipse.justj.openjdk.hotspot.jre.full.win32.x86_64_17.0.5.v20221102-0933/jre/bin/server;C:/Users/PR20331590/Downloads/eclipse-jee-2022-12-R-win32-x86_64/eclipse//plugins/org.eclipse.justj.openjdk.hotspot.jre.full.win32.x86_64_17.0.5.v20221102-0933/jre/bin;C:\windows\system32;C:\windows;C:\windows\System32\Wbem;C:\windows\System32\WindowsPowerShell\v1.0\;C:\windows\System32\OpenSSH\;C:\Program Files\nodejs\;C:\Users\PR20331590\AppData\Local\Microsoft\WindowsApps;C:\Program Files\Oracle\OpenJDK 11.0.1\bin;;C:\Users\PR20331590\AppData\Local\Programs\Microsoft VS Code\bin;C:\Users\PR20331590\AppData\Roaming\npm;C:\Users\PR20331590\Downloads\eclipse-jee-2022-12-R-win32-x86_64\eclipse;
USERNAME=PR20331590
OS=Windows_NT
PROCESSOR_IDENTIFIER=Intel64 Family 6 Model 142 Stepping 12, GenuineIntel
TMP=C:\Users\PR20331590\AppData\Local\Temp
TEMP=C:\Users\PR20331590\AppData\Local\Temp



---------------  S Y S T E M  ---------------

OS:
 Windows 11 , 64 bit Build 22000 (10.0.22000.2600)
OS uptime: 1 days 3:03 hours

CPU: total 8 (initial active 8) (4 cores per cpu, 2 threads per core) family 6 model 142 stepping 12 microcode 0xf8, cx8, cmov, fxsr, ht, mmx, 3dnowpref, sse, sse2, sse3, ssse3, sse4.1, sse4.2, popcnt, lzcnt, tsc, tscinvbit, avx, avx2, aes, erms, clmul, bmi1, bmi2, adx, fma, vzeroupper, clflush, clflushopt

Memory: 4k page, system-wide physical 16067M (4338M free)
TotalPageFile size 46552M (AvailPageFile size 7M)
current process WorkingSet (physical memory assigned to process): 89M, peak: 90M
current process commit charge ("private bytes"): 357M, peak: 357M

vm_info: OpenJDK 64-Bit Server VM (17.0.5+8) for windows-amd64 JRE (17.0.5+8), built on Oct 19 2022 04:48:13 by "temurin" with MS VC++ 16.7 (VS2019)

END.
